2016-11-21 14:52:33,148 [Worker-9] INFO  o.e.m.c.i.l.LifecycleMappingFactory - Using org.maven.ide.eclipse.wtp.WarLifecycleMapping lifecycle mapping for MavenProject: br.com.diftecnologia.2mumisc:2mumisc:victoria - 2.0.0 @ C:\Users\Ewerthon\git\2mumisc\2mumisc\pom.xml.
2016-11-21 14:52:46,247 [Worker-8] INFO  o.e.m.c.i.embedder.EclipseLogger - Using 'UTF-8' encoding to copy filtered resources.
2016-11-21 14:52:46,271 [Worker-8] INFO  o.e.m.c.i.embedder.EclipseLogger - Copying 0 resource
2016-11-21 14:52:46,274 [Worker-8] INFO  o.e.m.c.i.embedder.EclipseLogger - Using 'UTF-8' encoding to copy filtered resources.
2016-11-21 14:52:46,274 [Worker-8] INFO  o.e.m.c.i.embedder.EclipseLogger - Copying 0 resource
2016-11-21 14:53:34,249 [Worker-14] INFO  o.e.m.c.i.embedder.EclipseLogger - Using 'UTF-8' encoding to copy filtered resources.
2016-11-21 14:53:34,260 [Worker-14] INFO  o.e.m.c.i.embedder.EclipseLogger - Copying 0 resource
2016-11-21 14:53:34,261 [Worker-14] INFO  o.e.m.c.i.embedder.EclipseLogger - Using 'UTF-8' encoding to copy filtered resources.
2016-11-21 14:53:34,262 [Worker-14] INFO  o.e.m.c.i.embedder.EclipseLogger - Copying 0 resource
2016-11-22 12:10:06,784 [Worker-19] INFO  o.e.m.c.i.embedder.EclipseLogger - Using 'UTF-8' encoding to copy filtered resources.
2016-11-22 12:10:06,844 [Worker-19] INFO  o.e.m.c.i.embedder.EclipseLogger - Copying 0 resource
2016-11-22 12:10:06,857 [Worker-19] INFO  o.e.m.c.i.embedder.EclipseLogger - Using 'UTF-8' encoding to copy filtered resources.
2016-11-22 12:10:06,869 [Worker-19] INFO  o.e.m.c.i.embedder.EclipseLogger - Copying 0 resource
2016-11-23 09:43:55,910 [Worker-5] INFO  o.e.m.c.i.embedder.EclipseLogger - Using 'UTF-8' encoding to copy filtered resources.
2016-11-23 09:43:55,957 [Worker-5] INFO  o.e.m.c.i.embedder.EclipseLogger - Copying 0 resource
2016-11-23 09:43:55,960 [Worker-5] INFO  o.e.m.c.i.embedder.EclipseLogger - Using 'UTF-8' encoding to copy filtered resources.
2016-11-23 09:43:55,960 [Worker-5] INFO  o.e.m.c.i.embedder.EclipseLogger - Copying 0 resource
2016-11-23 11:30:26,800 [Worker-22] INFO  o.e.m.c.i.l.LifecycleMappingFactory - Using org.maven.ide.eclipse.wtp.WarLifecycleMapping lifecycle mapping for MavenProject: br.com.diftecnologia.2mumisc:2mumisc:victoria - 2.0.0 @ C:\Users\Ewerthon\git\2mumisc\2mumisc\pom.xml.
2016-11-23 11:30:30,460 [Worker-22] INFO  o.e.m.c.i.e.AbstractTransferListenerAdapter - Downloading https://repo.maven.apache.org/maven2/com/sparkjava/spark-core/2.2/spark-core-2.2.pom
2016-11-23 11:30:30,761 [Worker-22] INFO  o.e.m.c.i.e.AbstractTransferListenerAdapter - Downloaded https://repo.maven.apache.org/maven2/com/sparkjava/spark-core/2.2/spark-core-2.2.pom
2016-11-23 11:30:31,019 [Worker-22] INFO  o.e.m.c.i.e.AbstractTransferListenerAdapter - Downloading https://repo.maven.apache.org/maven2/org/slf4j/slf4j-api/1.7.7/slf4j-api-1.7.7.pom
2016-11-23 11:30:31,282 [Worker-22] INFO  o.e.m.c.i.e.AbstractTransferListenerAdapter - Downloaded https://repo.maven.apache.org/maven2/org/slf4j/slf4j-api/1.7.7/slf4j-api-1.7.7.pom
2016-11-23 11:30:31,540 [Worker-22] INFO  o.e.m.c.i.e.AbstractTransferListenerAdapter - Downloading https://repo.maven.apache.org/maven2/org/slf4j/slf4j-parent/1.7.7/slf4j-parent-1.7.7.pom
2016-11-23 11:30:31,849 [Worker-22] INFO  o.e.m.c.i.e.AbstractTransferListenerAdapter - Downloaded https://repo.maven.apache.org/maven2/org/slf4j/slf4j-parent/1.7.7/slf4j-parent-1.7.7.pom
2016-11-23 11:30:32,098 [Worker-22] INFO  o.e.m.c.i.e.AbstractTransferListenerAdapter - Downloading https://repo.maven.apache.org/maven2/org/slf4j/slf4j-simple/1.7.7/slf4j-simple-1.7.7.pom
2016-11-23 11:30:32,336 [Worker-22] INFO  o.e.m.c.i.e.AbstractTransferListenerAdapter - Downloaded https://repo.maven.apache.org/maven2/org/slf4j/slf4j-simple/1.7.7/slf4j-simple-1.7.7.pom
2016-11-23 11:30:32,629 [Worker-22] INFO  o.e.m.c.i.e.AbstractTransferListenerAdapter - Downloading https://repo.maven.apache.org/maven2/org/eclipse/jetty/jetty-server/9.0.2.v20130417/jetty-server-9.0.2.v20130417.pom
2016-11-23 11:30:32,870 [Worker-22] INFO  o.e.m.c.i.e.AbstractTransferListenerAdapter - Downloaded https://repo.maven.apache.org/maven2/org/eclipse/jetty/jetty-server/9.0.2.v20130417/jetty-server-9.0.2.v20130417.pom
2016-11-23 11:30:33,213 [Worker-22] INFO  o.e.m.c.i.e.AbstractTransferListenerAdapter - Downloading https://repo.maven.apache.org/maven2/org/eclipse/jetty/jetty-project/9.0.2.v20130417/jetty-project-9.0.2.v20130417.pom
2016-11-23 11:30:34,035 [Worker-22] INFO  o.e.m.c.i.e.AbstractTransferListenerAdapter - Downloaded https://repo.maven.apache.org/maven2/org/eclipse/jetty/jetty-project/9.0.2.v20130417/jetty-project-9.0.2.v20130417.pom
2016-11-23 11:30:34,286 [Worker-22] INFO  o.e.m.c.i.e.AbstractTransferListenerAdapter - Downloading https://repo.maven.apache.org/maven2/org/eclipse/jetty/jetty-parent/20/jetty-parent-20.pom
2016-11-23 11:30:34,862 [Worker-22] INFO  o.e.m.c.i.e.AbstractTransferListenerAdapter - Downloaded https://repo.maven.apache.org/maven2/org/eclipse/jetty/jetty-parent/20/jetty-parent-20.pom
2016-11-23 11:30:35,186 [Worker-22] INFO  o.e.m.c.i.e.AbstractTransferListenerAdapter - Downloading https://repo.maven.apache.org/maven2/org/eclipse/jetty/orbit/javax.servlet/3.0.0.v201112011016/javax.servlet-3.0.0.v201112011016.pom
2016-11-23 11:30:35,477 [Worker-22] INFO  o.e.m.c.i.e.AbstractTransferListenerAdapter - Downloaded https://repo.maven.apache.org/maven2/org/eclipse/jetty/orbit/javax.servlet/3.0.0.v201112011016/javax.servlet-3.0.0.v201112011016.pom
2016-11-23 11:30:35,769 [Worker-22] INFO  o.e.m.c.i.e.AbstractTransferListenerAdapter - Downloading https://repo.maven.apache.org/maven2/org/eclipse/jetty/orbit/jetty-orbit/1/jetty-orbit-1.pom
2016-11-23 11:30:36,089 [Worker-22] INFO  o.e.m.c.i.e.AbstractTransferListenerAdapter - Downloaded https://repo.maven.apache.org/maven2/org/eclipse/jetty/orbit/jetty-orbit/1/jetty-orbit-1.pom
2016-11-23 11:30:37,462 [Worker-22] INFO  o.e.m.c.i.e.AbstractTransferListenerAdapter - Downloading https://repo.maven.apache.org/maven2/org/eclipse/jetty/jetty-parent/18/jetty-parent-18.pom
2016-11-23 11:30:37,806 [Worker-22] INFO  o.e.m.c.i.e.AbstractTransferListenerAdapter - Downloaded https://repo.maven.apache.org/maven2/org/eclipse/jetty/jetty-parent/18/jetty-parent-18.pom
2016-11-23 11:30:38,043 [Worker-22] INFO  o.e.m.c.i.e.AbstractTransferListenerAdapter - Downloading https://repo.maven.apache.org/maven2/org/eclipse/jetty/jetty-http/9.0.2.v20130417/jetty-http-9.0.2.v20130417.pom
2016-11-23 11:30:38,362 [Worker-22] INFO  o.e.m.c.i.e.AbstractTransferListenerAdapter - Downloaded https://repo.maven.apache.org/maven2/org/eclipse/jetty/jetty-http/9.0.2.v20130417/jetty-http-9.0.2.v20130417.pom
2016-11-23 11:30:38,620 [Worker-22] INFO  o.e.m.c.i.e.AbstractTransferListenerAdapter - Downloading https://repo.maven.apache.org/maven2/org/eclipse/jetty/jetty-util/9.0.2.v20130417/jetty-util-9.0.2.v20130417.pom
2016-11-23 11:30:38,983 [Worker-22] INFO  o.e.m.c.i.e.AbstractTransferListenerAdapter - Downloaded https://repo.maven.apache.org/maven2/org/eclipse/jetty/jetty-util/9.0.2.v20130417/jetty-util-9.0.2.v20130417.pom
2016-11-23 11:30:39,256 [Worker-22] INFO  o.e.m.c.i.e.AbstractTransferListenerAdapter - Downloading https://repo.maven.apache.org/maven2/org/eclipse/jetty/jetty-io/9.0.2.v20130417/jetty-io-9.0.2.v20130417.pom
2016-11-23 11:30:39,519 [Worker-22] INFO  o.e.m.c.i.e.AbstractTransferListenerAdapter - Downloaded https://repo.maven.apache.org/maven2/org/eclipse/jetty/jetty-io/9.0.2.v20130417/jetty-io-9.0.2.v20130417.pom
2016-11-23 11:30:39,795 [Worker-22] INFO  o.e.m.c.i.e.AbstractTransferListenerAdapter - Downloading https://repo.maven.apache.org/maven2/org/eclipse/jetty/jetty-webapp/9.0.2.v20130417/jetty-webapp-9.0.2.v20130417.pom
2016-11-23 11:30:40,115 [Worker-22] INFO  o.e.m.c.i.e.AbstractTransferListenerAdapter - Downloaded https://repo.maven.apache.org/maven2/org/eclipse/jetty/jetty-webapp/9.0.2.v20130417/jetty-webapp-9.0.2.v20130417.pom
2016-11-23 11:30:40,459 [Worker-22] INFO  o.e.m.c.i.e.AbstractTransferListenerAdapter - Downloading https://repo.maven.apache.org/maven2/org/eclipse/jetty/jetty-xml/9.0.2.v20130417/jetty-xml-9.0.2.v20130417.pom
2016-11-23 11:30:40,751 [Worker-22] INFO  o.e.m.c.i.e.AbstractTransferListenerAdapter - Downloaded https://repo.maven.apache.org/maven2/org/eclipse/jetty/jetty-xml/9.0.2.v20130417/jetty-xml-9.0.2.v20130417.pom
2016-11-23 11:30:41,044 [Worker-22] INFO  o.e.m.c.i.e.AbstractTransferListenerAdapter - Downloading https://repo.maven.apache.org/maven2/org/eclipse/jetty/jetty-servlet/9.0.2.v20130417/jetty-servlet-9.0.2.v20130417.pom
2016-11-23 11:30:41,314 [Worker-22] INFO  o.e.m.c.i.e.AbstractTransferListenerAdapter - Downloaded https://repo.maven.apache.org/maven2/org/eclipse/jetty/jetty-servlet/9.0.2.v20130417/jetty-servlet-9.0.2.v20130417.pom
2016-11-23 11:30:41,587 [Worker-22] INFO  o.e.m.c.i.e.AbstractTransferListenerAdapter - Downloading https://repo.maven.apache.org/maven2/org/eclipse/jetty/jetty-security/9.0.2.v20130417/jetty-security-9.0.2.v20130417.pom
2016-11-23 11:30:41,811 [Worker-22] INFO  o.e.m.c.i.e.AbstractTransferListenerAdapter - Downloaded https://repo.maven.apache.org/maven2/org/eclipse/jetty/jetty-security/9.0.2.v20130417/jetty-security-9.0.2.v20130417.pom
2016-11-23 11:30:42,060 [Worker-22] INFO  o.e.m.c.i.e.AbstractTransferListenerAdapter - Downloading https://repo.maven.apache.org/maven2/com/sparkjava/spark-template-freemarker/2.0.0/spark-template-freemarker-2.0.0.pom
2016-11-23 11:30:42,392 [Worker-22] INFO  o.e.m.c.i.e.AbstractTransferListenerAdapter - Downloaded https://repo.maven.apache.org/maven2/com/sparkjava/spark-template-freemarker/2.0.0/spark-template-freemarker-2.0.0.pom
2016-11-23 11:30:42,639 [Worker-22] INFO  o.e.m.c.i.e.AbstractTransferListenerAdapter - Downloading https://repo.maven.apache.org/maven2/org/slf4j/slf4j-api/1.7.2/slf4j-api-1.7.2.pom
2016-11-23 11:30:42,885 [Worker-22] INFO  o.e.m.c.i.e.AbstractTransferListenerAdapter - Downloaded https://repo.maven.apache.org/maven2/org/slf4j/slf4j-api/1.7.2/slf4j-api-1.7.2.pom
2016-11-23 11:30:43,172 [Worker-22] INFO  o.e.m.c.i.e.AbstractTransferListenerAdapter - Downloading https://repo.maven.apache.org/maven2/org/slf4j/slf4j-parent/1.7.2/slf4j-parent-1.7.2.pom
2016-11-23 11:30:43,426 [Worker-22] INFO  o.e.m.c.i.e.AbstractTransferListenerAdapter - Downloaded https://repo.maven.apache.org/maven2/org/slf4j/slf4j-parent/1.7.2/slf4j-parent-1.7.2.pom
2016-11-23 11:30:43,672 [Worker-22] INFO  o.e.m.c.i.e.AbstractTransferListenerAdapter - Downloading https://repo.maven.apache.org/maven2/com/sparkjava/spark-core/2.0.0/spark-core-2.0.0.pom
2016-11-23 11:30:43,950 [Worker-22] INFO  o.e.m.c.i.e.AbstractTransferListenerAdapter - Downloaded https://repo.maven.apache.org/maven2/com/sparkjava/spark-core/2.0.0/spark-core-2.0.0.pom
2016-11-23 11:30:44,174 [Worker-22] INFO  o.e.m.c.i.e.AbstractTransferListenerAdapter - Downloading https://repo.maven.apache.org/maven2/org/freemarker/freemarker/2.3.19/freemarker-2.3.19.pom
2016-11-23 11:30:44,418 [Worker-22] INFO  o.e.m.c.i.e.AbstractTransferListenerAdapter - Downloaded https://repo.maven.apache.org/maven2/org/freemarker/freemarker/2.3.19/freemarker-2.3.19.pom
2016-11-23 11:30:44,789 [Worker-22] INFO  o.e.m.c.i.e.AbstractTransferListenerAdapter - Downloading https://repo.maven.apache.org/maven2/com/sparkjava/spark-core/2.2/spark-core-2.2.jar
2016-11-23 11:30:45,928 [Worker-22] INFO  o.e.m.c.i.e.AbstractTransferListenerAdapter - Downloaded https://repo.maven.apache.org/maven2/com/sparkjava/spark-core/2.2/spark-core-2.2.jar
2016-11-23 11:30:46,273 [Worker-22] INFO  o.e.m.c.i.e.AbstractTransferListenerAdapter - Downloading https://repo.maven.apache.org/maven2/org/slf4j/slf4j-simple/1.7.7/slf4j-simple-1.7.7.jar
2016-11-23 11:30:46,533 [Worker-22] INFO  o.e.m.c.i.e.AbstractTransferListenerAdapter - Downloaded https://repo.maven.apache.org/maven2/org/slf4j/slf4j-simple/1.7.7/slf4j-simple-1.7.7.jar
2016-11-23 11:30:46,860 [Worker-22] INFO  o.e.m.c.i.e.AbstractTransferListenerAdapter - Downloading https://repo.maven.apache.org/maven2/org/eclipse/jetty/jetty-server/9.0.2.v20130417/jetty-server-9.0.2.v20130417.jar
2016-11-23 11:30:50,555 [Worker-22] INFO  o.e.m.c.i.e.AbstractTransferListenerAdapter - Downloaded https://repo.maven.apache.org/maven2/org/eclipse/jetty/jetty-server/9.0.2.v20130417/jetty-server-9.0.2.v20130417.jar
2016-11-23 11:30:50,901 [Worker-22] INFO  o.e.m.c.i.e.AbstractTransferListenerAdapter - Downloading https://repo.maven.apache.org/maven2/org/eclipse/jetty/orbit/javax.servlet/3.0.0.v201112011016/javax.servlet-3.0.0.v201112011016.jar
2016-11-23 11:30:55,524 [Worker-22] INFO  o.e.m.c.i.e.AbstractTransferListenerAdapter - Downloaded https://repo.maven.apache.org/maven2/org/eclipse/jetty/orbit/javax.servlet/3.0.0.v201112011016/javax.servlet-3.0.0.v201112011016.jar
2016-11-23 11:30:55,780 [Worker-22] INFO  o.e.m.c.i.e.AbstractTransferListenerAdapter - Downloading https://repo.maven.apache.org/maven2/org/eclipse/jetty/jetty-http/9.0.2.v20130417/jetty-http-9.0.2.v20130417.jar
2016-11-23 11:30:57,837 [Worker-22] INFO  o.e.m.c.i.e.AbstractTransferListenerAdapter - Downloaded https://repo.maven.apache.org/maven2/org/eclipse/jetty/jetty-http/9.0.2.v20130417/jetty-http-9.0.2.v20130417.jar
2016-11-23 11:30:58,091 [Worker-22] INFO  o.e.m.c.i.e.AbstractTransferListenerAdapter - Downloading https://repo.maven.apache.org/maven2/org/eclipse/jetty/jetty-util/9.0.2.v20130417/jetty-util-9.0.2.v20130417.jar
2016-11-23 11:31:05,077 [Worker-22] INFO  o.e.m.c.i.e.AbstractTransferListenerAdapter - Downloaded https://repo.maven.apache.org/maven2/org/eclipse/jetty/jetty-util/9.0.2.v20130417/jetty-util-9.0.2.v20130417.jar
2016-11-23 11:31:05,316 [Worker-22] INFO  o.e.m.c.i.e.AbstractTransferListenerAdapter - Downloading https://repo.maven.apache.org/maven2/org/eclipse/jetty/jetty-io/9.0.2.v20130417/jetty-io-9.0.2.v20130417.jar
2016-11-23 11:31:06,543 [Worker-22] INFO  o.e.m.c.i.e.AbstractTransferListenerAdapter - Downloaded https://repo.maven.apache.org/maven2/org/eclipse/jetty/jetty-io/9.0.2.v20130417/jetty-io-9.0.2.v20130417.jar
2016-11-23 11:31:06,769 [Worker-22] INFO  o.e.m.c.i.e.AbstractTransferListenerAdapter - Downloading https://repo.maven.apache.org/maven2/org/eclipse/jetty/jetty-webapp/9.0.2.v20130417/jetty-webapp-9.0.2.v20130417.jar
2016-11-23 11:31:08,691 [Worker-22] INFO  o.e.m.c.i.e.AbstractTransferListenerAdapter - Downloaded https://repo.maven.apache.org/maven2/org/eclipse/jetty/jetty-webapp/9.0.2.v20130417/jetty-webapp-9.0.2.v20130417.jar
2016-11-23 11:31:08,966 [Worker-22] INFO  o.e.m.c.i.e.AbstractTransferListenerAdapter - Downloading https://repo.maven.apache.org/maven2/org/eclipse/jetty/jetty-xml/9.0.2.v20130417/jetty-xml-9.0.2.v20130417.jar
2016-11-23 11:31:12,536 [Worker-22] INFO  o.e.m.c.i.e.AbstractTransferListenerAdapter - Downloaded https://repo.maven.apache.org/maven2/org/eclipse/jetty/jetty-xml/9.0.2.v20130417/jetty-xml-9.0.2.v20130417.jar
2016-11-23 11:31:13,365 [Worker-22] INFO  o.e.m.c.i.e.AbstractTransferListenerAdapter - Downloading https://repo.maven.apache.org/maven2/org/eclipse/jetty/jetty-servlet/9.0.2.v20130417/jetty-servlet-9.0.2.v20130417.jar
2016-11-23 11:31:18,400 [Worker-22] INFO  o.e.m.c.i.e.AbstractTransferListenerAdapter - Downloaded https://repo.maven.apache.org/maven2/org/eclipse/jetty/jetty-servlet/9.0.2.v20130417/jetty-servlet-9.0.2.v20130417.jar
2016-11-23 11:31:18,666 [Worker-22] INFO  o.e.m.c.i.e.AbstractTransferListenerAdapter - Downloading https://repo.maven.apache.org/maven2/org/eclipse/jetty/jetty-security/9.0.2.v20130417/jetty-security-9.0.2.v20130417.jar
2016-11-23 11:31:20,490 [Worker-22] INFO  o.e.m.c.i.e.AbstractTransferListenerAdapter - Downloaded https://repo.maven.apache.org/maven2/org/eclipse/jetty/jetty-security/9.0.2.v20130417/jetty-security-9.0.2.v20130417.jar
2016-11-23 11:31:20,743 [Worker-22] INFO  o.e.m.c.i.e.AbstractTransferListenerAdapter - Downloading https://repo.maven.apache.org/maven2/com/sparkjava/spark-template-freemarker/2.0.0/spark-template-freemarker-2.0.0.jar
2016-11-23 11:31:20,991 [Worker-22] INFO  o.e.m.c.i.e.AbstractTransferListenerAdapter - Downloaded https://repo.maven.apache.org/maven2/com/sparkjava/spark-template-freemarker/2.0.0/spark-template-freemarker-2.0.0.jar
2016-11-23 11:31:21,260 [Worker-22] INFO  o.e.m.c.i.e.AbstractTransferListenerAdapter - Downloading https://repo.maven.apache.org/maven2/org/freemarker/freemarker/2.3.19/freemarker-2.3.19.jar
2016-11-23 11:31:35,371 [Worker-22] INFO  o.e.m.c.i.e.AbstractTransferListenerAdapter - Downloaded https://repo.maven.apache.org/maven2/org/freemarker/freemarker/2.3.19/freemarker-2.3.19.jar
2016-11-23 11:31:44,500 [Worker-22] INFO  o.e.m.c.i.embedder.EclipseLogger - Using 'UTF-8' encoding to copy filtered resources.
2016-11-23 11:31:44,502 [Worker-22] INFO  o.e.m.c.i.embedder.EclipseLogger - Copying 0 resource
2016-11-23 11:31:44,504 [Worker-22] INFO  o.e.m.c.i.embedder.EclipseLogger - Using 'UTF-8' encoding to copy filtered resources.
2016-11-23 11:31:44,505 [Worker-22] INFO  o.e.m.c.i.embedder.EclipseLogger - Copying 0 resource
2016-11-23 11:31:44,505 [Worker-22] INFO  o.e.m.w.i.f.ResourceFilteringBuildParticipant - Changed resources require a complete clean of filtered resources of 2mumisc
2016-11-23 11:31:44,506 [Worker-22] INFO  o.e.m.w.i.f.ResourceFilteringBuildParticipant - Executing resource filtering for 2mumisc
2016-11-23 11:31:44,512 [Worker-22] INFO  o.e.m.c.i.embedder.EclipseLogger - Using 'UTF-8' encoding to copy filtered resources.
2016-11-23 11:31:57,398 [Worker-31] INFO  o.e.m.c.i.embedder.EclipseLogger - Using 'UTF-8' encoding to copy filtered resources.
2016-11-23 11:31:57,401 [Worker-31] INFO  o.e.m.c.i.embedder.EclipseLogger - Copying 0 resource
2016-11-23 11:31:57,402 [Worker-31] INFO  o.e.m.c.i.embedder.EclipseLogger - Using 'UTF-8' encoding to copy filtered resources.
2016-11-23 11:31:57,403 [Worker-31] INFO  o.e.m.c.i.embedder.EclipseLogger - Copying 0 resource
2016-11-23 11:33:39,134 [Worker-27] INFO  o.e.m.i.launch.MavenLaunchDelegate - C:\Users\Ewerthon\git\2mumisc\2mumisc
2016-11-23 11:33:39,135 [Worker-27] INFO  o.e.m.i.launch.MavenLaunchDelegate -  mvn -B clean
2016-11-23 11:33:43,659 [Worker-28] INFO  o.e.m.c.i.embedder.EclipseLogger - Using 'UTF-8' encoding to copy filtered resources.
2016-11-23 11:33:43,660 [Worker-28] INFO  o.e.m.c.i.embedder.EclipseLogger - Copying 0 resource
2016-11-23 11:33:43,662 [Worker-28] INFO  o.e.m.c.i.embedder.EclipseLogger - Using 'UTF-8' encoding to copy filtered resources.
2016-11-23 11:33:43,663 [Worker-28] INFO  o.e.m.c.i.embedder.EclipseLogger - Copying 0 resource
2016-11-23 11:33:43,665 [Worker-28] INFO  o.e.m.w.i.f.ResourceFilteringBuildParticipant - Changed resources require a complete clean of filtered resources of 2mumisc
2016-11-23 11:33:43,665 [Worker-28] INFO  o.e.m.w.i.f.ResourceFilteringBuildParticipant - Executing resource filtering for 2mumisc
2016-11-23 11:33:43,679 [Worker-28] INFO  o.e.m.c.i.embedder.EclipseLogger - Using 'UTF-8' encoding to copy filtered resources.
2016-11-23 11:33:44,925 [Worker-26] INFO  o.e.m.c.i.embedder.EclipseLogger - Using 'UTF-8' encoding to copy filtered resources.
2016-11-23 11:33:44,926 [Worker-26] INFO  o.e.m.c.i.embedder.EclipseLogger - Copying 0 resource
2016-11-23 11:33:44,928 [Worker-26] INFO  o.e.m.c.i.embedder.EclipseLogger - Using 'UTF-8' encoding to copy filtered resources.
2016-11-23 11:33:44,928 [Worker-26] INFO  o.e.m.c.i.embedder.EclipseLogger - Copying 0 resource
2016-11-23 11:36:44,182 [Worker-22] INFO  o.e.m.i.launch.MavenLaunchDelegate - C:\Users\Ewerthon\git\2mumisc\2mumisc
2016-11-23 11:36:44,182 [Worker-22] INFO  o.e.m.i.launch.MavenLaunchDelegate -  mvn -B install
2016-11-23 11:36:47,909 [Worker-31] INFO  o.e.m.c.i.embedder.EclipseLogger - Using 'UTF-8' encoding to copy filtered resources.
2016-11-23 11:36:47,910 [Worker-31] INFO  o.e.m.c.i.embedder.EclipseLogger - Copying 0 resource
2016-11-23 11:36:47,915 [Worker-31] INFO  o.e.m.c.i.embedder.EclipseLogger - Using 'UTF-8' encoding to copy filtered resources.
2016-11-23 11:36:47,917 [Worker-31] INFO  o.e.m.c.i.embedder.EclipseLogger - Copying 0 resource
2016-11-23 11:37:30,762 [Worker-31] INFO  o.e.m.i.launch.MavenLaunchDelegate - C:\Users\Ewerthon\git\2mumisc\2mumisc
2016-11-23 11:37:30,762 [Worker-31] INFO  o.e.m.i.launch.MavenLaunchDelegate -  mvn -B install
2016-11-23 11:37:35,034 [Worker-31] INFO  o.e.m.c.i.embedder.EclipseLogger - Using 'UTF-8' encoding to copy filtered resources.
2016-11-23 11:37:35,035 [Worker-31] INFO  o.e.m.c.i.embedder.EclipseLogger - Copying 0 resource
2016-11-23 11:37:35,036 [Worker-31] INFO  o.e.m.c.i.embedder.EclipseLogger - Using 'UTF-8' encoding to copy filtered resources.
2016-11-23 11:37:35,037 [Worker-31] INFO  o.e.m.c.i.embedder.EclipseLogger - Copying 0 resource
2016-11-23 11:37:55,048 [Worker-29] INFO  o.e.m.i.launch.MavenLaunchDelegate - C:\Users\Ewerthon\git\2mumisc\2mumisc
2016-11-23 11:37:55,048 [Worker-29] INFO  o.e.m.i.launch.MavenLaunchDelegate -  mvn -B install
2016-11-23 11:42:47,225 [Worker-26] INFO  o.e.m.c.i.embedder.EclipseLogger - Using 'UTF-8' encoding to copy filtered resources.
2016-11-23 11:42:47,226 [Worker-26] INFO  o.e.m.c.i.embedder.EclipseLogger - Copying 0 resource
2016-11-23 11:42:47,229 [Worker-26] INFO  o.e.m.c.i.embedder.EclipseLogger - Using 'UTF-8' encoding to copy filtered resources.
2016-11-23 11:42:47,229 [Worker-26] INFO  o.e.m.c.i.embedder.EclipseLogger - Copying 0 resource
2016-11-23 11:42:58,468 [Worker-26] INFO  o.e.m.i.launch.MavenLaunchDelegate - C:\Users\Ewerthon\git\2mumisc\2mumisc
2016-11-23 11:42:58,468 [Worker-26] INFO  o.e.m.i.launch.MavenLaunchDelegate -  mvn -B install
2016-11-23 11:43:02,216 [Worker-31] INFO  o.e.m.c.i.embedder.EclipseLogger - Using 'UTF-8' encoding to copy filtered resources.
2016-11-23 11:43:02,216 [Worker-31] INFO  o.e.m.c.i.embedder.EclipseLogger - Copying 0 resource
2016-11-23 11:43:02,218 [Worker-31] INFO  o.e.m.c.i.embedder.EclipseLogger - Using 'UTF-8' encoding to copy filtered resources.
2016-11-23 11:43:02,218 [Worker-31] INFO  o.e.m.c.i.embedder.EclipseLogger - Copying 0 resource
2016-11-23 11:43:14,219 [Worker-19] INFO  o.e.m.i.launch.MavenLaunchDelegate - C:\Users\Ewerthon\git\2mumisc\2mumisc
2016-11-23 11:43:14,219 [Worker-19] INFO  o.e.m.i.launch.MavenLaunchDelegate -  mvn -B install
2016-11-23 11:43:55,682 [Worker-26] INFO  o.e.m.c.i.p.ProjectConfigurationManager - Update started
2016-11-23 11:43:56,171 [Worker-26] INFO  o.e.m.c.i.l.LifecycleMappingFactory - Using org.maven.ide.eclipse.wtp.WarLifecycleMapping lifecycle mapping for MavenProject: br.com.diftecnologia.2mumisc:2mumisc:victoria - 2.0.0 @ C:\Users\Ewerthon\git\2mumisc\2mumisc\pom.xml.
2016-11-23 11:43:58,352 [Worker-26] INFO  o.e.m.j.i.AbstractJavaProjectConfigurator - Adding source folder /2mumisc/src/main/java
2016-11-23 11:43:58,354 [Worker-26] INFO  o.e.m.j.i.AbstractJavaProjectConfigurator - Adding resource folder /2mumisc/src/main/resources
2016-11-23 11:43:58,355 [Worker-26] INFO  o.e.m.j.i.AbstractJavaProjectConfigurator - Adding source folder /2mumisc/src/test/java
2016-11-23 11:43:58,355 [Worker-26] INFO  o.e.m.j.i.AbstractJavaProjectConfigurator - Adding resource folder /2mumisc/src/test/resources
2016-11-23 11:44:03,734 [Worker-26] INFO  o.e.m.w.i.f.ResourceFilteringBuildParticipant - Cleaning filtered folder for 2mumisc
2016-11-23 11:44:03,750 [Worker-26] INFO  o.e.m.c.i.p.ProjectConfigurationManager - Update completed: 8 sec
2016-11-23 11:44:13,129 [Worker-19] INFO  o.e.m.c.i.embedder.EclipseLogger - Using 'UTF-8' encoding to copy filtered resources.
2016-11-23 11:44:13,163 [Worker-19] INFO  o.e.m.c.i.embedder.EclipseLogger - Copying 0 resource
2016-11-23 11:44:13,165 [Worker-19] INFO  o.e.m.c.i.embedder.EclipseLogger - Using 'UTF-8' encoding to copy filtered resources.
2016-11-23 11:44:13,166 [Worker-19] INFO  o.e.m.c.i.embedder.EclipseLogger - Copying 0 resource
2016-11-23 11:44:13,166 [Worker-19] INFO  o.e.m.w.i.f.ResourceFilteringBuildParticipant - Changed resources require a complete clean of filtered resources of 2mumisc
2016-11-23 11:44:13,166 [Worker-19] INFO  o.e.m.w.i.f.ResourceFilteringBuildParticipant - Executing resource filtering for 2mumisc
2016-11-23 11:44:13,199 [Worker-19] INFO  o.e.m.c.i.embedder.EclipseLogger - Using 'UTF-8' encoding to copy filtered resources.
2016-11-23 11:45:16,446 [Worker-29] INFO  o.e.m.i.launch.MavenLaunchDelegate - C:\Users\Ewerthon\git\2mumisc\2mumisc
2016-11-23 11:45:16,447 [Worker-29] INFO  o.e.m.i.launch.MavenLaunchDelegate -  mvn -B install
2016-11-23 11:45:29,387 [Worker-31] INFO  o.e.m.c.i.embedder.EclipseLogger - Using 'UTF-8' encoding to copy filtered resources.
2016-11-23 11:45:29,389 [Worker-31] INFO  o.e.m.c.i.embedder.EclipseLogger - Copying 0 resource
2016-11-23 11:45:29,391 [Worker-31] INFO  o.e.m.c.i.embedder.EclipseLogger - Using 'UTF-8' encoding to copy filtered resources.
2016-11-23 11:45:29,391 [Worker-31] INFO  o.e.m.c.i.embedder.EclipseLogger - Copying 0 resource
2016-11-23 11:54:38,168 [Worker-22] INFO  o.e.m.c.i.l.LifecycleMappingFactory - Using org.maven.ide.eclipse.wtp.WarLifecycleMapping lifecycle mapping for MavenProject: br.com.diftecnologia.2mumisc:2mumisc:victoria - 2.0.0 @ C:\Users\Ewerthon\git\2mumisc\2mumisc\pom.xml.
2016-11-23 11:54:40,148 [Worker-22] INFO  o.e.m.c.i.embedder.EclipseLogger - Using 'UTF-8' encoding to copy filtered resources.
2016-11-23 11:54:40,150 [Worker-22] INFO  o.e.m.c.i.embedder.EclipseLogger - Copying 0 resource
2016-11-23 11:54:40,152 [Worker-22] INFO  o.e.m.c.i.embedder.EclipseLogger - Using 'UTF-8' encoding to copy filtered resources.
2016-11-23 11:54:40,152 [Worker-22] INFO  o.e.m.c.i.embedder.EclipseLogger - Copying 0 resource
2016-11-23 11:54:40,153 [Worker-22] INFO  o.e.m.w.i.f.ResourceFilteringBuildParticipant - Changed resources require a complete clean of filtered resources of 2mumisc
2016-11-23 11:54:40,153 [Worker-22] INFO  o.e.m.w.i.f.ResourceFilteringBuildParticipant - Executing resource filtering for 2mumisc
2016-11-23 11:54:40,157 [Worker-22] INFO  o.e.m.c.i.embedder.EclipseLogger - Using 'UTF-8' encoding to copy filtered resources.
2016-11-23 11:54:59,114 [Worker-29] ERROR o.e.m2e.editor.pom.MavenPomEditor - failed to load maven project for org.eclipse.ui.part.FileEditorInput(/2mumisc/pom.xml)
org.eclipse.core.runtime.CoreException: Could not read maven project
	at org.eclipse.m2e.core.internal.project.registry.ProjectRegistryManager.readProjectWithDependencies(ProjectRegistryManager.java:804) ~[na:na]
	at org.eclipse.m2e.core.internal.project.registry.ProjectRegistryManager$6.call(ProjectRegistryManager.java:1010) ~[na:na]
	at org.eclipse.m2e.core.internal.project.registry.ProjectRegistryManager$6.call(ProjectRegistryManager.java:1) ~[na:na]
	at com.google.common.cache.LocalCache$LocalManualCache$1.load(LocalCache.java:4724) ~[na:na]
	at com.google.common.cache.LocalCache$LoadingValueReference.loadFuture(LocalCache.java:3522) ~[na:na]
	at com.google.common.cache.LocalCache$Segment.loadSync(LocalCache.java:2315) ~[na:na]
	at com.google.common.cache.LocalCache$Segment.lockedGetOrLoad(LocalCache.java:2278) ~[na:na]
	at com.google.common.cache.LocalCache$Segment.get(LocalCache.java:2193) ~[na:na]
	at com.google.common.cache.LocalCache.get(LocalCache.java:3932) ~[na:na]
	at com.google.common.cache.LocalCache$LocalManualCache.get(LocalCache.java:4721) ~[na:na]
	at org.eclipse.m2e.core.internal.project.registry.ProjectRegistryManager.getMavenProject(ProjectRegistryManager.java:1008) ~[na:na]
	at org.eclipse.m2e.core.internal.project.registry.MavenProjectFacade.getMavenProject(MavenProjectFacade.java:242) ~[na:na]
	at org.eclipse.m2e.core.ui.internal.actions.SelectionUtil.getMavenProject(SelectionUtil.java:261) ~[org.eclipse.m2e.core.ui_1.7.0.20160603-1933.jar:na]
	at org.eclipse.m2e.editor.pom.MavenPomEditor.readMavenProject(MavenPomEditor.java:732) ~[na:na]
	at org.eclipse.m2e.editor.pom.MavenPomEditor$5.run(MavenPomEditor.java:1053) ~[na:na]
	at org.eclipse.core.internal.jobs.Worker.run(Worker.java:55) [org.eclipse.core.jobs_3.8.0.v20160509-0411.jar:na]
2016-11-23 11:54:59,288 [Worker-34] ERROR o.e.m.c.i.p.r.ProjectRegistryManager - Could not read pom.xml
org.eclipse.core.runtime.CoreException: Could not read pom.xml
	at org.eclipse.m2e.core.internal.embedder.MavenImpl.readModel(MavenImpl.java:565) ~[org.eclipse.m2e.core_1.7.0.20160603-1933.jar:na]
	at org.eclipse.m2e.core.internal.embedder.MavenImpl.readModel(MavenImpl.java:574) ~[org.eclipse.m2e.core_1.7.0.20160603-1933.jar:na]
	at org.eclipse.m2e.core.internal.project.registry.ProjectRegistryManager.refreshPhase2(ProjectRegistryManager.java:542) [org.eclipse.m2e.core_1.7.0.20160603-1933.jar:na]
	at org.eclipse.m2e.core.internal.project.registry.ProjectRegistryManager.refresh(ProjectRegistryManager.java:498) [org.eclipse.m2e.core_1.7.0.20160603-1933.jar:na]
	at org.eclipse.m2e.core.internal.project.registry.ProjectRegistryManager.refresh(ProjectRegistryManager.java:351) [org.eclipse.m2e.core_1.7.0.20160603-1933.jar:na]
	at org.eclipse.m2e.core.internal.project.registry.ProjectRegistryManager.refresh(ProjectRegistryManager.java:298) [org.eclipse.m2e.core_1.7.0.20160603-1933.jar:na]
	at org.eclipse.m2e.core.internal.builder.MavenBuilder$BuildMethod.getProjectFacade(MavenBuilder.java:154) [org.eclipse.m2e.core_1.7.0.20160603-1933.jar:na]
	at org.eclipse.m2e.core.internal.builder.MavenBuilder$BuildMethod$1.call(MavenBuilder.java:89) [org.eclipse.m2e.core_1.7.0.20160603-1933.jar:na]
	at org.eclipse.m2e.core.internal.embedder.MavenExecutionContext.executeBare(MavenExecutionContext.java:176) [org.eclipse.m2e.core_1.7.0.20160603-1933.jar:na]
	at org.eclipse.m2e.core.internal.embedder.MavenExecutionContext.execute(MavenExecutionContext.java:151) [org.eclipse.m2e.core_1.7.0.20160603-1933.jar:na]
	at org.eclipse.m2e.core.internal.embedder.MavenExecutionContext.execute(MavenExecutionContext.java:99) [org.eclipse.m2e.core_1.7.0.20160603-1933.jar:na]
	at org.eclipse.m2e.core.internal.builder.MavenBuilder$BuildMethod.execute(MavenBuilder.java:86) [org.eclipse.m2e.core_1.7.0.20160603-1933.jar:na]
	at org.eclipse.m2e.core.internal.builder.MavenBuilder.build(MavenBuilder.java:200) [org.eclipse.m2e.core_1.7.0.20160603-1933.jar:na]
	at org.eclipse.core.internal.events.BuildManager$2.run(BuildManager.java:735) [org.eclipse.core.resources_3.11.0.v20160503-1608.jar:na]
	at org.eclipse.core.runtime.SafeRunner.run(SafeRunner.java:42) [org.eclipse.equinox.common_3.8.0.v20160509-1230.jar:na]
	at org.eclipse.core.internal.events.BuildManager.basicBuild(BuildManager.java:206) [org.eclipse.core.resources_3.11.0.v20160503-1608.jar:na]
	at org.eclipse.core.internal.events.BuildManager.basicBuild(BuildManager.java:246) [org.eclipse.core.resources_3.11.0.v20160503-1608.jar:na]
	at org.eclipse.core.internal.events.BuildManager$1.run(BuildManager.java:301) [org.eclipse.core.resources_3.11.0.v20160503-1608.jar:na]
	at org.eclipse.core.runtime.SafeRunner.run(SafeRunner.java:42) [org.eclipse.equinox.common_3.8.0.v20160509-1230.jar:na]
	at org.eclipse.core.internal.events.BuildManager.basicBuild(BuildManager.java:304) [org.eclipse.core.resources_3.11.0.v20160503-1608.jar:na]
	at org.eclipse.core.internal.events.BuildManager.basicBuildLoop(BuildManager.java:360) [org.eclipse.core.resources_3.11.0.v20160503-1608.jar:na]
	at org.eclipse.core.internal.events.BuildManager.build(BuildManager.java:383) [org.eclipse.core.resources_3.11.0.v20160503-1608.jar:na]
	at org.eclipse.core.internal.events.AutoBuildJob.doBuild(AutoBuildJob.java:144) [org.eclipse.core.resources_3.11.0.v20160503-1608.jar:na]
	at org.eclipse.core.internal.events.AutoBuildJob.run(AutoBuildJob.java:235) [org.eclipse.core.resources_3.11.0.v20160503-1608.jar:na]
	at org.eclipse.core.internal.jobs.Worker.run(Worker.java:55) [org.eclipse.core.jobs_3.8.0.v20160509-0411.jar:na]
Caused by: org.apache.maven.model.io.ModelParseException: end tag name </plugin> must match start tag name <configuration> from line 28 (position: TEXT seen ...</configuration>\r\n\t\t\t</plugin>... @39:13) 
	at org.apache.maven.model.io.DefaultModelReader.read(DefaultModelReader.java:122) ~[maven-model-builder-3.3.9.jar:3.3.9]
	at org.apache.maven.model.io.DefaultModelReader.read(DefaultModelReader.java:86) ~[maven-model-builder-3.3.9.jar:3.3.9]
	at org.eclipse.m2e.core.internal.embedder.MavenImpl.readModel(MavenImpl.java:563) ~[org.eclipse.m2e.core_1.7.0.20160603-1933.jar:na]
	... 24 common frames omitted
Caused by: org.codehaus.plexus.util.xml.pull.XmlPullParserException: end tag name </plugin> must match start tag name <configuration> from line 28 (position: TEXT seen ...</configuration>\r\n\t\t\t</plugin>... @39:13) 
	at org.codehaus.plexus.util.xml.pull.MXParser.parseEndTag(MXParser.java:1727) ~[plexus-utils-3.0.22.jar:na]
	at org.codehaus.plexus.util.xml.pull.MXParser.nextImpl(MXParser.java:1169) ~[plexus-utils-3.0.22.jar:na]
	at org.codehaus.plexus.util.xml.pull.MXParser.next(MXParser.java:1131) ~[plexus-utils-3.0.22.jar:na]
	at org.codehaus.plexus.util.xml.Xpp3DomBuilder.build(Xpp3DomBuilder.java:186) ~[plexus-utils-3.0.22.jar:na]
	at org.apache.maven.model.io.xpp3.MavenXpp3Reader.parsePlugin(MavenXpp3Reader.java:2773) ~[maven-model-3.3.9.jar:3.3.9]
	at org.apache.maven.model.io.xpp3.MavenXpp3Reader.parseBuild(MavenXpp3Reader.java:988) ~[maven-model-3.3.9.jar:3.3.9]
	at org.apache.maven.model.io.xpp3.MavenXpp3Reader.parseModel(MavenXpp3Reader.java:2277) ~[maven-model-3.3.9.jar:3.3.9]
	at org.apache.maven.model.io.xpp3.MavenXpp3Reader.read(MavenXpp3Reader.java:3845) ~[maven-model-3.3.9.jar:3.3.9]
	at org.apache.maven.model.io.xpp3.MavenXpp3Reader.read(MavenXpp3Reader.java:595) ~[maven-model-3.3.9.jar:3.3.9]
	at org.apache.maven.model.io.DefaultModelReader.read(DefaultModelReader.java:117) ~[maven-model-builder-3.3.9.jar:3.3.9]
	... 26 common frames omitted
2016-11-23 11:55:05,524 [Worker-29] ERROR o.e.m.c.i.p.r.ProjectRegistryManager - Could not read pom.xml
org.eclipse.core.runtime.CoreException: Could not read pom.xml
	at org.eclipse.m2e.core.internal.embedder.MavenImpl.readModel(MavenImpl.java:565) ~[org.eclipse.m2e.core_1.7.0.20160603-1933.jar:na]
	at org.eclipse.m2e.core.internal.embedder.MavenImpl.readModel(MavenImpl.java:574) ~[org.eclipse.m2e.core_1.7.0.20160603-1933.jar:na]
	at org.eclipse.m2e.core.internal.project.registry.ProjectRegistryManager.refreshPhase2(ProjectRegistryManager.java:542) [org.eclipse.m2e.core_1.7.0.20160603-1933.jar:na]
	at org.eclipse.m2e.core.internal.project.registry.ProjectRegistryManager.refresh(ProjectRegistryManager.java:498) [org.eclipse.m2e.core_1.7.0.20160603-1933.jar:na]
	at org.eclipse.m2e.core.internal.project.registry.ProjectRegistryManager.refresh(ProjectRegistryManager.java:351) [org.eclipse.m2e.core_1.7.0.20160603-1933.jar:na]
	at org.eclipse.m2e.core.internal.project.registry.ProjectRegistryManager.refresh(ProjectRegistryManager.java:298) [org.eclipse.m2e.core_1.7.0.20160603-1933.jar:na]
	at org.eclipse.m2e.core.internal.builder.MavenBuilder$BuildMethod.getProjectFacade(MavenBuilder.java:154) [org.eclipse.m2e.core_1.7.0.20160603-1933.jar:na]
	at org.eclipse.m2e.core.internal.builder.MavenBuilder$BuildMethod$1.call(MavenBuilder.java:89) [org.eclipse.m2e.core_1.7.0.20160603-1933.jar:na]
	at org.eclipse.m2e.core.internal.embedder.MavenExecutionContext.executeBare(MavenExecutionContext.java:176) [org.eclipse.m2e.core_1.7.0.20160603-1933.jar:na]
	at org.eclipse.m2e.core.internal.embedder.MavenExecutionContext.execute(MavenExecutionContext.java:151) [org.eclipse.m2e.core_1.7.0.20160603-1933.jar:na]
	at org.eclipse.m2e.core.internal.embedder.MavenExecutionContext.execute(MavenExecutionContext.java:99) [org.eclipse.m2e.core_1.7.0.20160603-1933.jar:na]
	at org.eclipse.m2e.core.internal.builder.MavenBuilder$BuildMethod.execute(MavenBuilder.java:86) [org.eclipse.m2e.core_1.7.0.20160603-1933.jar:na]
	at org.eclipse.m2e.core.internal.builder.MavenBuilder.build(MavenBuilder.java:200) [org.eclipse.m2e.core_1.7.0.20160603-1933.jar:na]
	at org.eclipse.core.internal.events.BuildManager$2.run(BuildManager.java:735) [org.eclipse.core.resources_3.11.0.v20160503-1608.jar:na]
	at org.eclipse.core.runtime.SafeRunner.run(SafeRunner.java:42) [org.eclipse.equinox.common_3.8.0.v20160509-1230.jar:na]
	at org.eclipse.core.internal.events.BuildManager.basicBuild(BuildManager.java:206) [org.eclipse.core.resources_3.11.0.v20160503-1608.jar:na]
	at org.eclipse.core.internal.events.BuildManager.basicBuild(BuildManager.java:246) [org.eclipse.core.resources_3.11.0.v20160503-1608.jar:na]
	at org.eclipse.core.internal.events.BuildManager$1.run(BuildManager.java:301) [org.eclipse.core.resources_3.11.0.v20160503-1608.jar:na]
	at org.eclipse.core.runtime.SafeRunner.run(SafeRunner.java:42) [org.eclipse.equinox.common_3.8.0.v20160509-1230.jar:na]
	at org.eclipse.core.internal.events.BuildManager.basicBuild(BuildManager.java:304) [org.eclipse.core.resources_3.11.0.v20160503-1608.jar:na]
	at org.eclipse.core.internal.events.BuildManager.basicBuildLoop(BuildManager.java:360) [org.eclipse.core.resources_3.11.0.v20160503-1608.jar:na]
	at org.eclipse.core.internal.events.BuildManager.build(BuildManager.java:383) [org.eclipse.core.resources_3.11.0.v20160503-1608.jar:na]
	at org.eclipse.core.internal.events.AutoBuildJob.doBuild(AutoBuildJob.java:144) [org.eclipse.core.resources_3.11.0.v20160503-1608.jar:na]
	at org.eclipse.core.internal.events.AutoBuildJob.run(AutoBuildJob.java:235) [org.eclipse.core.resources_3.11.0.v20160503-1608.jar:na]
	at org.eclipse.core.internal.jobs.Worker.run(Worker.java:55) [org.eclipse.core.jobs_3.8.0.v20160509-0411.jar:na]
Caused by: org.apache.maven.model.io.ModelParseException: end tag name </plugin> must match start tag name <configuration> from line 28 (position: TEXT seen ...</configuration>\r\n\t\t\t</plugin>... @39:13) 
	at org.apache.maven.model.io.DefaultModelReader.read(DefaultModelReader.java:122) ~[maven-model-builder-3.3.9.jar:3.3.9]
	at org.apache.maven.model.io.DefaultModelReader.read(DefaultModelReader.java:86) ~[maven-model-builder-3.3.9.jar:3.3.9]
	at org.eclipse.m2e.core.internal.embedder.MavenImpl.readModel(MavenImpl.java:563) ~[org.eclipse.m2e.core_1.7.0.20160603-1933.jar:na]
	... 24 common frames omitted
Caused by: org.codehaus.plexus.util.xml.pull.XmlPullParserException: end tag name </plugin> must match start tag name <configuration> from line 28 (position: TEXT seen ...</configuration>\r\n\t\t\t</plugin>... @39:13) 
	at org.codehaus.plexus.util.xml.pull.MXParser.parseEndTag(MXParser.java:1727) ~[plexus-utils-3.0.22.jar:na]
	at org.codehaus.plexus.util.xml.pull.MXParser.nextImpl(MXParser.java:1169) ~[plexus-utils-3.0.22.jar:na]
	at org.codehaus.plexus.util.xml.pull.MXParser.next(MXParser.java:1131) ~[plexus-utils-3.0.22.jar:na]
	at org.codehaus.plexus.util.xml.Xpp3DomBuilder.build(Xpp3DomBuilder.java:186) ~[plexus-utils-3.0.22.jar:na]
	at org.apache.maven.model.io.xpp3.MavenXpp3Reader.parsePlugin(MavenXpp3Reader.java:2773) ~[maven-model-3.3.9.jar:3.3.9]
	at org.apache.maven.model.io.xpp3.MavenXpp3Reader.parseBuild(MavenXpp3Reader.java:988) ~[maven-model-3.3.9.jar:3.3.9]
	at org.apache.maven.model.io.xpp3.MavenXpp3Reader.parseModel(MavenXpp3Reader.java:2277) ~[maven-model-3.3.9.jar:3.3.9]
	at org.apache.maven.model.io.xpp3.MavenXpp3Reader.read(MavenXpp3Reader.java:3845) ~[maven-model-3.3.9.jar:3.3.9]
	at org.apache.maven.model.io.xpp3.MavenXpp3Reader.read(MavenXpp3Reader.java:595) ~[maven-model-3.3.9.jar:3.3.9]
	at org.apache.maven.model.io.DefaultModelReader.read(DefaultModelReader.java:117) ~[maven-model-builder-3.3.9.jar:3.3.9]
	... 26 common frames omitted
2016-11-23 11:55:28,098 [Worker-27] ERROR o.e.m.c.i.p.r.ProjectRegistryManager - Failed to read Maven project: 1 problem was encountered while building the effective model
[FATAL] Non-parseable POM C:\Users\Ewerthon\git\2mumisc\2mumisc\pom.xml: end tag name </plugin> must match start tag name <configuration> from line 28 (position: TEXT seen ...</configuration>\r\n\t\t\t</plugin>... @39:13)  @ line 39, column 13
 for project  at C:\Users\Ewerthon\git\2mumisc\2mumisc\pom.xml
org.apache.maven.project.ProjectBuildingException: 1 problem was encountered while building the effective model
[FATAL] Non-parseable POM C:\Users\Ewerthon\git\2mumisc\2mumisc\pom.xml: end tag name </plugin> must match start tag name <configuration> from line 28 (position: TEXT seen ...</configuration>\r\n\t\t\t</plugin>... @39:13)  @ line 39, column 13
 for project  at C:\Users\Ewerthon\git\2mumisc\2mumisc\pom.xml
	at org.apache.maven.project.DefaultProjectBuilder.build(DefaultProjectBuilder.java:168) ~[maven-core-3.3.9.jar:3.3.9]
	at org.apache.maven.project.DefaultProjectBuilder.build(DefaultProjectBuilder.java:119) ~[maven-core-3.3.9.jar:3.3.9]
	at org.eclipse.m2e.core.internal.embedder.MavenImpl.readMavenProject(MavenImpl.java:636) ~[org.eclipse.m2e.core_1.7.0.20160603-1933.jar:na]
	at org.eclipse.m2e.core.internal.project.registry.ProjectRegistryManager$5.call(ProjectRegistryManager.java:816) ~[org.eclipse.m2e.core_1.7.0.20160603-1933.jar:na]
	at org.eclipse.m2e.core.internal.project.registry.ProjectRegistryManager$5.call(ProjectRegistryManager.java:1) ~[org.eclipse.m2e.core_1.7.0.20160603-1933.jar:na]
	at org.eclipse.m2e.core.internal.embedder.MavenExecutionContext.executeBare(MavenExecutionContext.java:176) ~[org.eclipse.m2e.core_1.7.0.20160603-1933.jar:na]
	at org.eclipse.m2e.core.internal.embedder.MavenExecutionContext.execute(MavenExecutionContext.java:151) ~[org.eclipse.m2e.core_1.7.0.20160603-1933.jar:na]
	at org.eclipse.m2e.core.internal.embedder.MavenExecutionContext.execute(MavenExecutionContext.java:99) ~[org.eclipse.m2e.core_1.7.0.20160603-1933.jar:na]
	at org.eclipse.m2e.core.internal.project.registry.ProjectRegistryManager.execute(ProjectRegistryManager.java:967) ~[org.eclipse.m2e.core_1.7.0.20160603-1933.jar:na]
	at org.eclipse.m2e.core.internal.project.registry.ProjectRegistryManager.readProjectWithDependencies(ProjectRegistryManager.java:811) ~[org.eclipse.m2e.core_1.7.0.20160603-1933.jar:na]
	at org.eclipse.m2e.core.internal.project.registry.ProjectRegistryManager.create(ProjectRegistryManager.java:192) ~[org.eclipse.m2e.core_1.7.0.20160603-1933.jar:na]
	at org.eclipse.m2e.core.internal.project.registry.MavenProjectManager.create(MavenProjectManager.java:80) [org.eclipse.m2e.core_1.7.0.20160603-1933.jar:na]
	at org.eclipse.m2e.core.ui.internal.actions.SelectionUtil.getMavenProject(SelectionUtil.java:259) [org.eclipse.m2e.core.ui_1.7.0.20160603-1933.jar:na]
	at org.eclipse.m2e.editor.pom.MavenPomEditor.readMavenProject(MavenPomEditor.java:732) [org.eclipse.m2e.editor_1.7.0.20160603-1933.jar:na]
	at org.eclipse.m2e.editor.pom.MavenPomEditor$5.run(MavenPomEditor.java:1053) [org.eclipse.m2e.editor_1.7.0.20160603-1933.jar:na]
	at org.eclipse.core.internal.jobs.Worker.run(Worker.java:55) [org.eclipse.core.jobs_3.8.0.v20160509-0411.jar:na]
Caused by: org.apache.maven.model.building.ModelBuildingException: 1 problem was encountered while building the effective model
[FATAL] Non-parseable POM C:\Users\Ewerthon\git\2mumisc\2mumisc\pom.xml: end tag name </plugin> must match start tag name <configuration> from line 28 (position: TEXT seen ...</configuration>\r\n\t\t\t</plugin>... @39:13)  @ line 39, column 13

	at org.apache.maven.model.building.DefaultModelProblemCollector.newModelBuildingException(DefaultModelProblemCollector.java:197) ~[maven-model-builder-3.3.9.jar:3.3.9]
	at org.apache.maven.model.building.DefaultModelBuilder.readModel(DefaultModelBuilder.java:579) ~[maven-model-builder-3.3.9.jar:3.3.9]
	at org.apache.maven.model.building.DefaultModelBuilder.build(DefaultModelBuilder.java:273) ~[maven-model-builder-3.3.9.jar:3.3.9]
	at org.apache.maven.project.DefaultProjectBuilder.build(DefaultProjectBuilder.java:161) ~[maven-core-3.3.9.jar:3.3.9]
	... 15 common frames omitted
2016-11-23 11:55:28,490 [Worker-34] ERROR o.e.m.c.i.p.r.ProjectRegistryManager - Could not read pom.xml
org.eclipse.core.runtime.CoreException: Could not read pom.xml
	at org.eclipse.m2e.core.internal.embedder.MavenImpl.readModel(MavenImpl.java:565) ~[org.eclipse.m2e.core_1.7.0.20160603-1933.jar:na]
	at org.eclipse.m2e.core.internal.embedder.MavenImpl.readModel(MavenImpl.java:574) ~[org.eclipse.m2e.core_1.7.0.20160603-1933.jar:na]
	at org.eclipse.m2e.core.internal.project.registry.ProjectRegistryManager.refreshPhase2(ProjectRegistryManager.java:542) [org.eclipse.m2e.core_1.7.0.20160603-1933.jar:na]
	at org.eclipse.m2e.core.internal.project.registry.ProjectRegistryManager.refresh(ProjectRegistryManager.java:498) [org.eclipse.m2e.core_1.7.0.20160603-1933.jar:na]
	at org.eclipse.m2e.core.internal.project.registry.ProjectRegistryManager.refresh(ProjectRegistryManager.java:351) [org.eclipse.m2e.core_1.7.0.20160603-1933.jar:na]
	at org.eclipse.m2e.core.internal.project.registry.ProjectRegistryManager.refresh(ProjectRegistryManager.java:298) [org.eclipse.m2e.core_1.7.0.20160603-1933.jar:na]
	at org.eclipse.m2e.core.internal.builder.MavenBuilder$BuildMethod.getProjectFacade(MavenBuilder.java:154) [org.eclipse.m2e.core_1.7.0.20160603-1933.jar:na]
	at org.eclipse.m2e.core.internal.builder.MavenBuilder$BuildMethod$1.call(MavenBuilder.java:89) [org.eclipse.m2e.core_1.7.0.20160603-1933.jar:na]
	at org.eclipse.m2e.core.internal.embedder.MavenExecutionContext.executeBare(MavenExecutionContext.java:176) [org.eclipse.m2e.core_1.7.0.20160603-1933.jar:na]
	at org.eclipse.m2e.core.internal.embedder.MavenExecutionContext.execute(MavenExecutionContext.java:151) [org.eclipse.m2e.core_1.7.0.20160603-1933.jar:na]
	at org.eclipse.m2e.core.internal.embedder.MavenExecutionContext.execute(MavenExecutionContext.java:99) [org.eclipse.m2e.core_1.7.0.20160603-1933.jar:na]
	at org.eclipse.m2e.core.internal.builder.MavenBuilder$BuildMethod.execute(MavenBuilder.java:86) [org.eclipse.m2e.core_1.7.0.20160603-1933.jar:na]
	at org.eclipse.m2e.core.internal.builder.MavenBuilder.build(MavenBuilder.java:200) [org.eclipse.m2e.core_1.7.0.20160603-1933.jar:na]
	at org.eclipse.core.internal.events.BuildManager$2.run(BuildManager.java:735) [org.eclipse.core.resources_3.11.0.v20160503-1608.jar:na]
	at org.eclipse.core.runtime.SafeRunner.run(SafeRunner.java:42) [org.eclipse.equinox.common_3.8.0.v20160509-1230.jar:na]
	at org.eclipse.core.internal.events.BuildManager.basicBuild(BuildManager.java:206) [org.eclipse.core.resources_3.11.0.v20160503-1608.jar:na]
	at org.eclipse.core.internal.events.BuildManager.basicBuild(BuildManager.java:246) [org.eclipse.core.resources_3.11.0.v20160503-1608.jar:na]
	at org.eclipse.core.internal.events.BuildManager$1.run(BuildManager.java:301) [org.eclipse.core.resources_3.11.0.v20160503-1608.jar:na]
	at org.eclipse.core.runtime.SafeRunner.run(SafeRunner.java:42) [org.eclipse.equinox.common_3.8.0.v20160509-1230.jar:na]
	at org.eclipse.core.internal.events.BuildManager.basicBuild(BuildManager.java:304) [org.eclipse.core.resources_3.11.0.v20160503-1608.jar:na]
	at org.eclipse.core.internal.events.BuildManager.basicBuildLoop(BuildManager.java:360) [org.eclipse.core.resources_3.11.0.v20160503-1608.jar:na]
	at org.eclipse.core.internal.events.BuildManager.build(BuildManager.java:383) [org.eclipse.core.resources_3.11.0.v20160503-1608.jar:na]
	at org.eclipse.core.internal.events.AutoBuildJob.doBuild(AutoBuildJob.java:144) [org.eclipse.core.resources_3.11.0.v20160503-1608.jar:na]
	at org.eclipse.core.internal.events.AutoBuildJob.run(AutoBuildJob.java:235) [org.eclipse.core.resources_3.11.0.v20160503-1608.jar:na]
	at org.eclipse.core.internal.jobs.Worker.run(Worker.java:55) [org.eclipse.core.jobs_3.8.0.v20160509-0411.jar:na]
Caused by: org.apache.maven.model.io.ModelParseException: end tag name </plugin> must match start tag name <configuration> from line 28 (position: TEXT seen ...</configuration>\r\n\t\t\t</plugin>... @39:13) 
	at org.apache.maven.model.io.DefaultModelReader.read(DefaultModelReader.java:122) ~[maven-model-builder-3.3.9.jar:3.3.9]
	at org.apache.maven.model.io.DefaultModelReader.read(DefaultModelReader.java:86) ~[maven-model-builder-3.3.9.jar:3.3.9]
	at org.eclipse.m2e.core.internal.embedder.MavenImpl.readModel(MavenImpl.java:563) ~[org.eclipse.m2e.core_1.7.0.20160603-1933.jar:na]
	... 24 common frames omitted
Caused by: org.codehaus.plexus.util.xml.pull.XmlPullParserException: end tag name </plugin> must match start tag name <configuration> from line 28 (position: TEXT seen ...</configuration>\r\n\t\t\t</plugin>... @39:13) 
	at org.codehaus.plexus.util.xml.pull.MXParser.parseEndTag(MXParser.java:1727) ~[plexus-utils-3.0.22.jar:na]
	at org.codehaus.plexus.util.xml.pull.MXParser.nextImpl(MXParser.java:1169) ~[plexus-utils-3.0.22.jar:na]
	at org.codehaus.plexus.util.xml.pull.MXParser.next(MXParser.java:1131) ~[plexus-utils-3.0.22.jar:na]
	at org.codehaus.plexus.util.xml.Xpp3DomBuilder.build(Xpp3DomBuilder.java:186) ~[plexus-utils-3.0.22.jar:na]
	at org.apache.maven.model.io.xpp3.MavenXpp3Reader.parsePlugin(MavenXpp3Reader.java:2773) ~[maven-model-3.3.9.jar:3.3.9]
	at org.apache.maven.model.io.xpp3.MavenXpp3Reader.parseBuild(MavenXpp3Reader.java:988) ~[maven-model-3.3.9.jar:3.3.9]
	at org.apache.maven.model.io.xpp3.MavenXpp3Reader.parseModel(MavenXpp3Reader.java:2277) ~[maven-model-3.3.9.jar:3.3.9]
	at org.apache.maven.model.io.xpp3.MavenXpp3Reader.read(MavenXpp3Reader.java:3845) ~[maven-model-3.3.9.jar:3.3.9]
	at org.apache.maven.model.io.xpp3.MavenXpp3Reader.read(MavenXpp3Reader.java:595) ~[maven-model-3.3.9.jar:3.3.9]
	at org.apache.maven.model.io.DefaultModelReader.read(DefaultModelReader.java:117) ~[maven-model-builder-3.3.9.jar:3.3.9]
	... 26 common frames omitted
2016-11-23 11:55:35,201 [Worker-19] INFO  o.e.m.i.launch.MavenLaunchDelegate - C:\Users\Ewerthon\git\2mumisc\2mumisc
2016-11-23 11:55:35,201 [Worker-19] INFO  o.e.m.i.launch.MavenLaunchDelegate -  mvn -B install
2016-11-23 11:55:58,979 [Worker-35] INFO  o.e.m.c.i.l.LifecycleMappingFactory - Using org.maven.ide.eclipse.wtp.WarLifecycleMapping lifecycle mapping for MavenProject: br.com.diftecnologia.2mumisc:2mumisc:victoria - 2.0.0 @ C:\Users\Ewerthon\git\2mumisc\2mumisc\pom.xml.
2016-11-23 11:56:00,551 [Worker-35] INFO  o.e.m.c.i.embedder.EclipseLogger - Using 'UTF-8' encoding to copy filtered resources.
2016-11-23 11:56:00,553 [Worker-35] INFO  o.e.m.c.i.embedder.EclipseLogger - Copying 0 resource
2016-11-23 11:56:00,554 [Worker-35] INFO  o.e.m.c.i.embedder.EclipseLogger - Using 'UTF-8' encoding to copy filtered resources.
2016-11-23 11:56:00,555 [Worker-35] INFO  o.e.m.c.i.embedder.EclipseLogger - Copying 0 resource
2016-11-23 11:56:00,555 [Worker-35] INFO  o.e.m.w.i.f.ResourceFilteringBuildParticipant - Changed resources require a complete clean of filtered resources of 2mumisc
2016-11-23 11:56:00,555 [Worker-35] INFO  o.e.m.w.i.f.ResourceFilteringBuildParticipant - Executing resource filtering for 2mumisc
2016-11-23 11:56:00,559 [Worker-35] INFO  o.e.m.c.i.embedder.EclipseLogger - Using 'UTF-8' encoding to copy filtered resources.
2016-11-23 11:56:14,500 [Worker-36] INFO  o.e.m.c.i.embedder.EclipseLogger - Using 'UTF-8' encoding to copy filtered resources.
2016-11-23 11:56:14,501 [Worker-36] INFO  o.e.m.c.i.embedder.EclipseLogger - Copying 0 resource
2016-11-23 11:56:14,502 [Worker-36] INFO  o.e.m.c.i.embedder.EclipseLogger - Using 'UTF-8' encoding to copy filtered resources.
2016-11-23 11:56:14,503 [Worker-36] INFO  o.e.m.c.i.embedder.EclipseLogger - Copying 0 resource
2016-11-23 11:57:19,571 [Worker-19] INFO  o.e.m.i.launch.MavenLaunchDelegate - C:\Users\Ewerthon\git\2mumisc\2mumisc
2016-11-23 11:57:19,571 [Worker-19] INFO  o.e.m.i.launch.MavenLaunchDelegate -  mvn -B install
2016-11-23 11:57:27,671 [Worker-27] INFO  o.e.m.i.launch.MavenLaunchDelegate - C:\Users\Ewerthon\git\2mumisc\2mumisc
2016-11-23 11:57:27,671 [Worker-27] INFO  o.e.m.i.launch.MavenLaunchDelegate -  mvn -B clean
2016-11-23 11:57:42,210 [Worker-19] ERROR o.e.m.c.i.p.r.ProjectRegistryManager - Failed to read Maven project: For artifact {org.apache.maven.plugins:null:RELEASE:maven-plugin}: The artifactId cannot be empty.
org.apache.maven.artifact.InvalidArtifactRTException: For artifact {org.apache.maven.plugins:null:RELEASE:maven-plugin}: The artifactId cannot be empty.
	at org.apache.maven.artifact.DefaultArtifact.validateIdentity(DefaultArtifact.java:136) ~[maven-artifact-3.3.9.jar:3.3.9]
	at org.apache.maven.artifact.DefaultArtifact.<init>(DefaultArtifact.java:123) ~[maven-artifact-3.3.9.jar:3.3.9]
	at org.apache.maven.bridge.MavenRepositorySystem.XcreateArtifact(MavenRepositorySystem.java:564) ~[maven-core-3.3.9.jar:3.3.9]
	at org.apache.maven.bridge.MavenRepositorySystem.XcreateArtifact(MavenRepositorySystem.java:524) ~[maven-core-3.3.9.jar:3.3.9]
	at org.apache.maven.bridge.MavenRepositorySystem.XcreatePluginArtifact(MavenRepositorySystem.java:497) ~[maven-core-3.3.9.jar:3.3.9]
	at org.apache.maven.bridge.MavenRepositorySystem.createPluginArtifact(MavenRepositorySystem.java:170) ~[maven-core-3.3.9.jar:3.3.9]
	at org.apache.maven.project.DefaultProjectBuilder.initProject(DefaultProjectBuilder.java:748) ~[maven-core-3.3.9.jar:3.3.9]
	at org.apache.maven.project.DefaultProjectBuilder.build(DefaultProjectBuilder.java:176) ~[maven-core-3.3.9.jar:3.3.9]
	at org.apache.maven.project.DefaultProjectBuilder.build(DefaultProjectBuilder.java:119) ~[maven-core-3.3.9.jar:3.3.9]
	at org.eclipse.m2e.core.internal.embedder.MavenImpl.readMavenProject(MavenImpl.java:636) ~[org.eclipse.m2e.core_1.7.0.20160603-1933.jar:na]
	at org.eclipse.m2e.core.internal.project.registry.ProjectRegistryManager$5.call(ProjectRegistryManager.java:816) ~[org.eclipse.m2e.core_1.7.0.20160603-1933.jar:na]
	at org.eclipse.m2e.core.internal.project.registry.ProjectRegistryManager$5.call(ProjectRegistryManager.java:1) ~[org.eclipse.m2e.core_1.7.0.20160603-1933.jar:na]
	at org.eclipse.m2e.core.internal.embedder.MavenExecutionContext.executeBare(MavenExecutionContext.java:176) ~[org.eclipse.m2e.core_1.7.0.20160603-1933.jar:na]
	at org.eclipse.m2e.core.internal.embedder.MavenExecutionContext.execute(MavenExecutionContext.java:151) ~[org.eclipse.m2e.core_1.7.0.20160603-1933.jar:na]
	at org.eclipse.m2e.core.internal.embedder.MavenExecutionContext.execute(MavenExecutionContext.java:99) ~[org.eclipse.m2e.core_1.7.0.20160603-1933.jar:na]
	at org.eclipse.m2e.core.internal.project.registry.ProjectRegistryManager.execute(ProjectRegistryManager.java:967) ~[org.eclipse.m2e.core_1.7.0.20160603-1933.jar:na]
	at org.eclipse.m2e.core.internal.project.registry.ProjectRegistryManager.readProjectWithDependencies(ProjectRegistryManager.java:811) ~[org.eclipse.m2e.core_1.7.0.20160603-1933.jar:na]
	at org.eclipse.m2e.core.internal.project.registry.ProjectRegistryManager.create(ProjectRegistryManager.java:192) ~[org.eclipse.m2e.core_1.7.0.20160603-1933.jar:na]
	at org.eclipse.m2e.core.internal.project.registry.MavenProjectManager.create(MavenProjectManager.java:80) [org.eclipse.m2e.core_1.7.0.20160603-1933.jar:na]
	at org.eclipse.m2e.core.ui.internal.actions.SelectionUtil.getMavenProject(SelectionUtil.java:259) [org.eclipse.m2e.core.ui_1.7.0.20160603-1933.jar:na]
	at org.eclipse.m2e.editor.pom.MavenPomEditor.readMavenProject(MavenPomEditor.java:732) [org.eclipse.m2e.editor_1.7.0.20160603-1933.jar:na]
	at org.eclipse.m2e.editor.pom.MavenPomEditor$5.run(MavenPomEditor.java:1053) [org.eclipse.m2e.editor_1.7.0.20160603-1933.jar:na]
	at org.eclipse.core.internal.jobs.Worker.run(Worker.java:55) [org.eclipse.core.jobs_3.8.0.v20160509-0411.jar:na]
2016-11-23 11:57:48,699 [Worker-27] INFO  o.e.m.i.launch.MavenLaunchDelegate - C:\Users\Ewerthon\git\2mumisc\2mumisc
2016-11-23 11:57:48,699 [Worker-27] INFO  o.e.m.i.launch.MavenLaunchDelegate -  mvn -B install
2016-11-23 11:58:11,315 [Worker-22] ERROR o.e.m.c.i.p.r.ProjectRegistryManager - Failed to read Maven project: For artifact {org.apache.maven.plugins:null:3.3:maven-plugin}: The artifactId cannot be empty.
org.apache.maven.artifact.InvalidArtifactRTException: For artifact {org.apache.maven.plugins:null:3.3:maven-plugin}: The artifactId cannot be empty.
	at org.apache.maven.artifact.DefaultArtifact.validateIdentity(DefaultArtifact.java:136) ~[maven-artifact-3.3.9.jar:3.3.9]
	at org.apache.maven.artifact.DefaultArtifact.<init>(DefaultArtifact.java:123) ~[maven-artifact-3.3.9.jar:3.3.9]
	at org.apache.maven.bridge.MavenRepositorySystem.XcreateArtifact(MavenRepositorySystem.java:564) ~[maven-core-3.3.9.jar:3.3.9]
	at org.apache.maven.bridge.MavenRepositorySystem.XcreateArtifact(MavenRepositorySystem.java:524) ~[maven-core-3.3.9.jar:3.3.9]
	at org.apache.maven.bridge.MavenRepositorySystem.XcreatePluginArtifact(MavenRepositorySystem.java:497) ~[maven-core-3.3.9.jar:3.3.9]
	at org.apache.maven.bridge.MavenRepositorySystem.createPluginArtifact(MavenRepositorySystem.java:170) ~[maven-core-3.3.9.jar:3.3.9]
	at org.apache.maven.project.DefaultProjectBuilder.initProject(DefaultProjectBuilder.java:748) ~[maven-core-3.3.9.jar:3.3.9]
	at org.apache.maven.project.DefaultProjectBuilder.build(DefaultProjectBuilder.java:176) ~[maven-core-3.3.9.jar:3.3.9]
	at org.apache.maven.project.DefaultProjectBuilder.build(DefaultProjectBuilder.java:119) ~[maven-core-3.3.9.jar:3.3.9]
	at org.eclipse.m2e.core.internal.embedder.MavenImpl.readMavenProject(MavenImpl.java:636) ~[org.eclipse.m2e.core_1.7.0.20160603-1933.jar:na]
	at org.eclipse.m2e.core.internal.project.registry.ProjectRegistryManager$5.call(ProjectRegistryManager.java:816) ~[org.eclipse.m2e.core_1.7.0.20160603-1933.jar:na]
	at org.eclipse.m2e.core.internal.project.registry.ProjectRegistryManager$5.call(ProjectRegistryManager.java:1) ~[org.eclipse.m2e.core_1.7.0.20160603-1933.jar:na]
	at org.eclipse.m2e.core.internal.embedder.MavenExecutionContext.executeBare(MavenExecutionContext.java:176) ~[org.eclipse.m2e.core_1.7.0.20160603-1933.jar:na]
	at org.eclipse.m2e.core.internal.embedder.MavenExecutionContext.execute(MavenExecutionContext.java:151) ~[org.eclipse.m2e.core_1.7.0.20160603-1933.jar:na]
	at org.eclipse.m2e.core.internal.embedder.MavenExecutionContext.execute(MavenExecutionContext.java:99) ~[org.eclipse.m2e.core_1.7.0.20160603-1933.jar:na]
	at org.eclipse.m2e.core.internal.project.registry.ProjectRegistryManager.execute(ProjectRegistryManager.java:967) ~[org.eclipse.m2e.core_1.7.0.20160603-1933.jar:na]
	at org.eclipse.m2e.core.internal.project.registry.ProjectRegistryManager.readProjectWithDependencies(ProjectRegistryManager.java:811) ~[org.eclipse.m2e.core_1.7.0.20160603-1933.jar:na]
	at org.eclipse.m2e.core.internal.project.registry.ProjectRegistryManager.create(ProjectRegistryManager.java:192) ~[org.eclipse.m2e.core_1.7.0.20160603-1933.jar:na]
	at org.eclipse.m2e.core.internal.project.registry.MavenProjectManager.create(MavenProjectManager.java:80) [org.eclipse.m2e.core_1.7.0.20160603-1933.jar:na]
	at org.eclipse.m2e.core.ui.internal.actions.SelectionUtil.getMavenProject(SelectionUtil.java:259) [org.eclipse.m2e.core.ui_1.7.0.20160603-1933.jar:na]
	at org.eclipse.m2e.editor.pom.MavenPomEditor.readMavenProject(MavenPomEditor.java:732) [org.eclipse.m2e.editor_1.7.0.20160603-1933.jar:na]
	at org.eclipse.m2e.editor.pom.MavenPomEditor$5.run(MavenPomEditor.java:1053) [org.eclipse.m2e.editor_1.7.0.20160603-1933.jar:na]
	at org.eclipse.core.internal.jobs.Worker.run(Worker.java:55) [org.eclipse.core.jobs_3.8.0.v20160509-0411.jar:na]
2016-11-23 12:07:57,789 [Worker-31] INFO  o.e.m.c.i.l.LifecycleMappingFactory - Using org.maven.ide.eclipse.wtp.WarLifecycleMapping lifecycle mapping for MavenProject: br.com.diftecnologia.2mumisc:2mumisc:victoria - 2.0.0 @ C:\Users\Ewerthon\git\2mumisc\2mumisc\pom.xml.
2016-11-23 12:07:59,361 [Worker-31] INFO  o.e.m.c.i.embedder.EclipseLogger - Using 'UTF-8' encoding to copy filtered resources.
2016-11-23 12:07:59,362 [Worker-31] INFO  o.e.m.c.i.embedder.EclipseLogger - Copying 0 resource
2016-11-23 12:07:59,364 [Worker-31] INFO  o.e.m.c.i.embedder.EclipseLogger - Using 'UTF-8' encoding to copy filtered resources.
2016-11-23 12:07:59,364 [Worker-31] INFO  o.e.m.c.i.embedder.EclipseLogger - Copying 0 resource
2016-11-23 12:07:59,364 [Worker-31] INFO  o.e.m.w.i.f.ResourceFilteringBuildParticipant - Changed resources require a complete clean of filtered resources of 2mumisc
2016-11-23 12:07:59,364 [Worker-31] INFO  o.e.m.w.i.f.ResourceFilteringBuildParticipant - Executing resource filtering for 2mumisc
2016-11-23 12:07:59,368 [Worker-31] INFO  o.e.m.c.i.embedder.EclipseLogger - Using 'UTF-8' encoding to copy filtered resources.
2016-11-23 12:08:11,351 [Worker-36] INFO  o.e.m.c.i.embedder.EclipseLogger - Using 'UTF-8' encoding to copy filtered resources.
2016-11-23 12:08:11,353 [Worker-36] INFO  o.e.m.c.i.embedder.EclipseLogger - Copying 0 resource
2016-11-23 12:08:11,355 [Worker-36] INFO  o.e.m.c.i.embedder.EclipseLogger - Using 'UTF-8' encoding to copy filtered resources.
2016-11-23 12:08:11,356 [Worker-36] INFO  o.e.m.c.i.embedder.EclipseLogger - Copying 0 resource
2016-11-23 12:08:11,369 [Worker-35] INFO  o.e.m.i.launch.MavenLaunchDelegate - C:\Users\Ewerthon\git\2mumisc\2mumisc
2016-11-23 12:08:11,369 [Worker-35] INFO  o.e.m.i.launch.MavenLaunchDelegate -  mvn -B install
2016-11-23 12:08:23,169 [Worker-29] INFO  o.e.m.c.i.embedder.EclipseLogger - Using 'UTF-8' encoding to copy filtered resources.
2016-11-23 12:08:23,169 [Worker-29] INFO  o.e.m.c.i.embedder.EclipseLogger - Copying 0 resource
2016-11-23 12:08:23,170 [Worker-29] INFO  o.e.m.c.i.embedder.EclipseLogger - Using 'UTF-8' encoding to copy filtered resources.
2016-11-23 12:08:23,171 [Worker-29] INFO  o.e.m.c.i.embedder.EclipseLogger - Copying 0 resource
2016-11-23 15:42:24,847 [Worker-39] INFO  o.e.m.c.i.embedder.EclipseLogger - Using 'UTF-8' encoding to copy filtered resources.
2016-11-23 15:42:24,848 [Worker-39] INFO  o.e.m.c.i.embedder.EclipseLogger - Copying 0 resource
2016-11-23 15:42:24,850 [Worker-39] INFO  o.e.m.c.i.embedder.EclipseLogger - Using 'UTF-8' encoding to copy filtered resources.
2016-11-23 15:42:24,851 [Worker-39] INFO  o.e.m.c.i.embedder.EclipseLogger - Copying 0 resource
2016-11-23 15:43:14,033 [Worker-41] INFO  o.e.m.c.i.embedder.EclipseLogger - Using 'UTF-8' encoding to copy filtered resources.
2016-11-23 15:43:14,034 [Worker-41] INFO  o.e.m.c.i.embedder.EclipseLogger - Copying 0 resource
2016-11-23 15:43:14,035 [Worker-41] INFO  o.e.m.c.i.embedder.EclipseLogger - Using 'UTF-8' encoding to copy filtered resources.
2016-11-23 15:43:14,036 [Worker-41] INFO  o.e.m.c.i.embedder.EclipseLogger - Copying 0 resource
2016-11-23 15:44:02,963 [Worker-36] INFO  o.e.m.c.i.embedder.EclipseLogger - Using 'UTF-8' encoding to copy filtered resources.
2016-11-23 15:44:02,963 [Worker-36] INFO  o.e.m.c.i.embedder.EclipseLogger - Copying 0 resource
2016-11-23 15:44:02,964 [Worker-36] INFO  o.e.m.c.i.embedder.EclipseLogger - Using 'UTF-8' encoding to copy filtered resources.
2016-11-23 15:44:02,965 [Worker-36] INFO  o.e.m.c.i.embedder.EclipseLogger - Copying 0 resource
2016-11-23 15:47:11,489 [Worker-36] INFO  o.e.m.i.launch.MavenLaunchDelegate - C:\Users\Ewerthon\git\2mumisc\2mumisc
2016-11-23 15:47:11,489 [Worker-36] INFO  o.e.m.i.launch.MavenLaunchDelegate -  mvn -B install
2016-11-23 15:47:25,712 [Worker-36] INFO  o.e.m.c.i.embedder.EclipseLogger - Using 'UTF-8' encoding to copy filtered resources.
2016-11-23 15:47:25,712 [Worker-36] INFO  o.e.m.c.i.embedder.EclipseLogger - Copying 0 resource
2016-11-23 15:47:25,714 [Worker-36] INFO  o.e.m.c.i.embedder.EclipseLogger - Using 'UTF-8' encoding to copy filtered resources.
2016-11-23 15:47:25,715 [Worker-36] INFO  o.e.m.c.i.embedder.EclipseLogger - Copying 0 resource
2016-11-23 18:31:41,601 [Worker-22] INFO  o.e.m.c.i.embedder.EclipseLogger - Using 'UTF-8' encoding to copy filtered resources.
2016-11-23 18:31:41,603 [Worker-22] INFO  o.e.m.c.i.embedder.EclipseLogger - Copying 0 resource
2016-11-23 18:31:41,605 [Worker-22] INFO  o.e.m.c.i.embedder.EclipseLogger - Using 'UTF-8' encoding to copy filtered resources.
2016-11-23 18:31:41,606 [Worker-22] INFO  o.e.m.c.i.embedder.EclipseLogger - Copying 0 resource
2016-11-23 18:31:57,672 [Worker-36] INFO  o.e.m.c.i.embedder.EclipseLogger - Using 'UTF-8' encoding to copy filtered resources.
2016-11-23 18:31:57,673 [Worker-36] INFO  o.e.m.c.i.embedder.EclipseLogger - Copying 0 resource
2016-11-23 18:31:57,675 [Worker-36] INFO  o.e.m.c.i.embedder.EclipseLogger - Using 'UTF-8' encoding to copy filtered resources.
2016-11-23 18:31:57,676 [Worker-36] INFO  o.e.m.c.i.embedder.EclipseLogger - Copying 0 resource
2016-11-23 18:32:58,182 [Worker-43] INFO  o.e.m.c.i.embedder.EclipseLogger - Using 'UTF-8' encoding to copy filtered resources.
2016-11-23 18:32:58,182 [Worker-43] INFO  o.e.m.c.i.embedder.EclipseLogger - Copying 0 resource
2016-11-23 18:32:58,184 [Worker-43] INFO  o.e.m.c.i.embedder.EclipseLogger - Using 'UTF-8' encoding to copy filtered resources.
2016-11-23 18:32:58,184 [Worker-43] INFO  o.e.m.c.i.embedder.EclipseLogger - Copying 0 resource
2016-11-23 18:33:09,138 [Worker-42] INFO  o.e.m.c.i.embedder.EclipseLogger - Using 'UTF-8' encoding to copy filtered resources.
2016-11-23 18:33:09,138 [Worker-42] INFO  o.e.m.c.i.embedder.EclipseLogger - Copying 0 resource
2016-11-23 18:33:09,140 [Worker-42] INFO  o.e.m.c.i.embedder.EclipseLogger - Using 'UTF-8' encoding to copy filtered resources.
2016-11-23 18:33:09,140 [Worker-42] INFO  o.e.m.c.i.embedder.EclipseLogger - Copying 0 resource
2016-11-23 18:44:50,875 [Worker-29] INFO  o.e.m.i.launch.MavenLaunchDelegate - C:\Users\Ewerthon\git\2mumisc\2mumisc
2016-11-23 18:44:50,876 [Worker-29] INFO  o.e.m.i.launch.MavenLaunchDelegate -  mvn -B install
2016-11-23 18:44:59,501 [Worker-36] INFO  o.e.m.c.i.embedder.EclipseLogger - Using 'UTF-8' encoding to copy filtered resources.
2016-11-23 18:44:59,502 [Worker-36] INFO  o.e.m.c.i.embedder.EclipseLogger - Copying 0 resource
2016-11-23 18:44:59,505 [Worker-36] INFO  o.e.m.c.i.embedder.EclipseLogger - Using 'UTF-8' encoding to copy filtered resources.
2016-11-23 18:44:59,506 [Worker-36] INFO  o.e.m.c.i.embedder.EclipseLogger - Copying 0 resource
2016-11-23 19:18:41,982 [Worker-44] INFO  o.e.m.i.launch.MavenLaunchDelegate - C:\Users\Ewerthon\git\2mumisc\2mumisc
2016-11-23 19:18:41,983 [Worker-44] INFO  o.e.m.i.launch.MavenLaunchDelegate -  mvn -B install
2016-11-23 19:18:53,091 [Worker-29] INFO  o.e.m.c.i.embedder.EclipseLogger - Using 'UTF-8' encoding to copy filtered resources.
2016-11-23 19:18:53,092 [Worker-29] INFO  o.e.m.c.i.embedder.EclipseLogger - Copying 0 resource
2016-11-23 19:18:53,092 [Worker-29] INFO  o.e.m.c.i.embedder.EclipseLogger - Using 'UTF-8' encoding to copy filtered resources.
2016-11-23 19:18:53,093 [Worker-29] INFO  o.e.m.c.i.embedder.EclipseLogger - Copying 0 resource
